Detecting CXX compiler ABI info failed to compile with the following output:
Change Dir: /Users/karate_paul4/Documents/Programming/ios/build/iPhoneSimulator-x86_64/CMakeFiles/CMakeTmp

Run Build Command:/Applications/CMake\ 2.8-12.app/Contents/bin/cmakexbuild -project CMAKE_TRY_COMPILE.xcodeproj build -target cmTryCompileExec3252687937 -configuration Debug
=== BUILD TARGET cmTryCompileExec3252687937 OF PROJECT CMAKE_TRY_COMPILE WITH CONFIGURATION Debug ===

Check dependencies
target specifies product type 'com.apple.product-type.tool', but there's no such product type for the 'iphonesimulator' platform

** BUILD FAILED **


The following build commands failed:
	Check dependencies
(1 failure)



Detecting C compiler ABI info failed to compile with the following output:
Change Dir: /Users/karate_paul4/Documents/Programming/ios/build/iPhoneSimulator-x86_64/CMakeFiles/CMakeTmp

Run Build Command:/Applications/CMake\ 2.8-12.app/Contents/bin/cmakexbuild -project CMAKE_TRY_COMPILE.xcodeproj build -target cmTryCompileExec2352013610 -configuration Debug
=== BUILD TARGET cmTryCompileExec2352013610 OF PROJECT CMAKE_TRY_COMPILE WITH CONFIGURATION Debug ===

Check dependencies
target specifies product type 'com.apple.product-type.tool', but there's no such product type for the 'iphonesimulator' platform

** BUILD FAILED **


The following build commands failed:
	Check dependencies
(1 failure)



Determining if the function fseeko exists failed with the following output:
Change Dir: /Users/karate_paul4/Documents/Programming/ios/build/iPhoneSimulator-x86_64/CMakeFiles/CMakeTmp

Run Build Command:/Applications/CMake\ 2.8-12.app/Contents/bin/cmakexbuild -project CMAKE_TRY_COMPILE.xcodeproj build -target cmTryCompileExec2626455277 -configuration Release
=== BUILD TARGET cmTryCompileExec2626455277 OF PROJECT CMAKE_TRY_COMPILE WITH CONFIGURATION Release ===

Check dependencies
target specifies product type 'com.apple.product-type.tool', but there's no such product type for the 'iphonesimulator' platform

** BUILD FAILED **


The following build commands failed:
	Check dependencies
(1 failure)


Determining if the include file unistd.h exists failed with the following output:
Change Dir: /Users/karate_paul4/Documents/Programming/ios/build/iPhoneSimulator-x86_64/CMakeFiles/CMakeTmp

Run Build Command:/Applications/CMake\ 2.8-12.app/Contents/bin/cmakexbuild -project CMAKE_TRY_COMPILE.xcodeproj build -target cmTryCompileExec3347897657 -configuration Release
=== BUILD TARGET cmTryCompileExec3347897657 OF PROJECT CMAKE_TRY_COMPILE WITH CONFIGURATION Release ===

Check dependencies
target specifies product type 'com.apple.product-type.tool', but there's no such product type for the 'iphonesimulator' platform

** BUILD FAILED **


The following build commands failed:
	Check dependencies
(1 failure)


Determining if the include file sys/types.h exists failed with the following output:
Change Dir: /Users/karate_paul4/Documents/Programming/ios/build/iPhoneSimulator-x86_64/CMakeFiles/CMakeTmp

Run Build Command:/Applications/CMake\ 2.8-12.app/Contents/bin/cmakexbuild -project CMAKE_TRY_COMPILE.xcodeproj build -target cmTryCompileExec3459870311 -configuration Release
=== BUILD TARGET cmTryCompileExec3459870311 OF PROJECT CMAKE_TRY_COMPILE WITH CONFIGURATION Release ===

Check dependencies
target specifies product type 'com.apple.product-type.tool', but there's no such product type for the 'iphonesimulator' platform

** BUILD FAILED **


The following build commands failed:
	Check dependencies
(1 failure)


Determining if the include file stdint.h exists failed with the following output:
Change Dir: /Users/karate_paul4/Documents/Programming/ios/build/iPhoneSimulator-x86_64/CMakeFiles/CMakeTmp

Run Build Command:/Applications/CMake\ 2.8-12.app/Contents/bin/cmakexbuild -project CMAKE_TRY_COMPILE.xcodeproj build -target cmTryCompileExec2140372282 -configuration Release
=== BUILD TARGET cmTryCompileExec2140372282 OF PROJECT CMAKE_TRY_COMPILE WITH CONFIGURATION Release ===

Check dependencies
target specifies product type 'com.apple.product-type.tool', but there's no such product type for the 'iphonesimulator' platform

** BUILD FAILED **


The following build commands failed:
	Check dependencies
(1 failure)


Determining if the include file stddef.h exists failed with the following output:
Change Dir: /Users/karate_paul4/Documents/Programming/ios/build/iPhoneSimulator-x86_64/CMakeFiles/CMakeTmp

Run Build Command:/Applications/CMake\ 2.8-12.app/Contents/bin/cmakexbuild -project CMAKE_TRY_COMPILE.xcodeproj build -target cmTryCompileExec1087914857 -configuration Release
=== BUILD TARGET cmTryCompileExec1087914857 OF PROJECT CMAKE_TRY_COMPILE WITH CONFIGURATION Release ===

Check dependencies
target specifies product type 'com.apple.product-type.tool', but there's no such product type for the 'iphonesimulator' platform

** BUILD FAILED **


The following build commands failed:
	Check dependencies
(1 failure)


Determining size of off64_t failed with the following output:
Change Dir: /Users/karate_paul4/Documents/Programming/ios/build/iPhoneSimulator-x86_64/CMakeFiles/CMakeTmp

Run Build Command:/Applications/CMake\ 2.8-12.app/Contents/bin/cmakexbuild -project CMAKE_TRY_COMPILE.xcodeproj build -target cmTryCompileExec2203901708 -configuration Release
=== BUILD TARGET cmTryCompileExec2203901708 OF PROJECT CMAKE_TRY_COMPILE WITH CONFIGURATION Release ===

Check dependencies
target specifies product type 'com.apple.product-type.tool', but there's no such product type for the 'iphonesimulator' platform

** BUILD FAILED **


The following build commands failed:
	Check dependencies
(1 failure)

/Users/karate_paul4/Documents/Programming/ios/build/iPhoneSimulator-x86_64/CMakeFiles/CheckTypeSize/OFF64_T.c:


#undef KEY
#if defined(__i386)
# define KEY '_','_','i','3','8','6'
#elif defined(__x86_64)
# define KEY '_','_','x','8','6','_','6','4'
#elif defined(__ppc__)
# define KEY '_','_','p','p','c','_','_'
#elif defined(__ppc64__)
# define KEY '_','_','p','p','c','6','4','_','_'
#endif

#define SIZE (sizeof(off64_t))
char info_size[] =  {'I', 'N', 'F', 'O', ':', 's','i','z','e','[',
  ('0' + ((SIZE / 10000)%10)),
  ('0' + ((SIZE / 1000)%10)),
  ('0' + ((SIZE / 100)%10)),
  ('0' + ((SIZE / 10)%10)),
  ('0' +  (SIZE    % 10)),
  ']',
#ifdef KEY
  ' ','k','e','y','[', KEY, ']',
#endif
  '\0'};

#ifdef __CLASSIC_C__
int main(argc, argv) int argc; char *argv[];
#else
int main(int argc, char *argv[])
#endif
{
  int require = 0;
  require += info_size[argc];
  (void)argv;
  return require;
}


Determining if the include file linux/videodev.h exists failed with the following output:
Change Dir: /Users/karate_paul4/Documents/Programming/ios/build/iPhoneSimulator-x86_64/CMakeFiles/CMakeTmp

Run Build Command:/Applications/CMake\ 2.8-12.app/Contents/bin/cmakexbuild -project CMAKE_TRY_COMPILE.xcodeproj build -target cmTryCompileExec1157124953 -configuration Release
=== BUILD TARGET cmTryCompileExec1157124953 OF PROJECT CMAKE_TRY_COMPILE WITH CONFIGURATION Release ===

Check dependencies
target specifies product type 'com.apple.product-type.tool', but there's no such product type for the 'iphonesimulator' platform

** BUILD FAILED **


The following build commands failed:
	Check dependencies
(1 failure)


Determining if the include file linux/videodev2.h exists failed with the following output:
Change Dir: /Users/karate_paul4/Documents/Programming/ios/build/iPhoneSimulator-x86_64/CMakeFiles/CMakeTmp

Run Build Command:/Applications/CMake\ 2.8-12.app/Contents/bin/cmakexbuild -project CMAKE_TRY_COMPILE.xcodeproj build -target cmTryCompileExec2696910997 -configuration Release
=== BUILD TARGET cmTryCompileExec2696910997 OF PROJECT CMAKE_TRY_COMPILE WITH CONFIGURATION Release ===

Check dependencies
target specifies product type 'com.apple.product-type.tool', but there's no such product type for the 'iphonesimulator' platform

** BUILD FAILED **


The following build commands failed:
	Check dependencies
(1 failure)


Determining if the include file sys/videoio.h exists failed with the following output:
Change Dir: /Users/karate_paul4/Documents/Programming/ios/build/iPhoneSimulator-x86_64/CMakeFiles/CMakeTmp

Run Build Command:/Applications/CMake\ 2.8-12.app/Contents/bin/cmakexbuild -project CMAKE_TRY_COMPILE.xcodeproj build -target cmTryCompileExec3196858930 -configuration Release
=== BUILD TARGET cmTryCompileExec3196858930 OF PROJECT CMAKE_TRY_COMPILE WITH CONFIGURATION Release ===

Check dependencies
target specifies product type 'com.apple.product-type.tool', but there's no such product type for the 'iphonesimulator' platform

** BUILD FAILED **


The following build commands failed:
	Check dependencies
(1 failure)


Determining if the include file linux/videodev.h exists failed with the following output:
Change Dir: /Users/karate_paul4/Documents/Programming/ios/build/iPhoneSimulator-x86_64/CMakeFiles/CMakeTmp

Run Build Command:/Applications/CMake\ 2.8-12.app/Contents/bin/cmakexbuild -project CMAKE_TRY_COMPILE.xcodeproj build -target cmTryCompileExec875169658 -configuration Release
=== BUILD TARGET cmTryCompileExec875169658 OF PROJECT CMAKE_TRY_COMPILE WITH CONFIGURATION Release ===

Check dependencies
target specifies product type 'com.apple.product-type.tool', but there's no such product type for the 'iphonesimulator' platform

** BUILD FAILED **


The following build commands failed:
	Check dependencies
(1 failure)


Determining if the include file linux/videodev2.h exists failed with the following output:
Change Dir: /Users/karate_paul4/Documents/Programming/ios/build/iPhoneSimulator-x86_64/CMakeFiles/CMakeTmp

Run Build Command:/Applications/CMake\ 2.8-12.app/Contents/bin/cmakexbuild -project CMAKE_TRY_COMPILE.xcodeproj build -target cmTryCompileExec3138240491 -configuration Release
=== BUILD TARGET cmTryCompileExec3138240491 OF PROJECT CMAKE_TRY_COMPILE WITH CONFIGURATION Release ===

Check dependencies
target specifies product type 'com.apple.product-type.tool', but there's no such product type for the 'iphonesimulator' platform

** BUILD FAILED **


The following build commands failed:
	Check dependencies
(1 failure)


Determining if the include file sys/videoio.h exists failed with the following output:
Change Dir: /Users/karate_paul4/Documents/Programming/ios/build/iPhoneSimulator-x86_64/CMakeFiles/CMakeTmp

Run Build Command:/Applications/CMake\ 2.8-12.app/Contents/bin/cmakexbuild -project CMAKE_TRY_COMPILE.xcodeproj build -target cmTryCompileExec1031251267 -configuration Release
=== BUILD TARGET cmTryCompileExec1031251267 OF PROJECT CMAKE_TRY_COMPILE WITH CONFIGURATION Release ===

Check dependencies
target specifies product type 'com.apple.product-type.tool', but there's no such product type for the 'iphonesimulator' platform

** BUILD FAILED **


The following build commands failed:
	Check dependencies
(1 failure)


Determining if the include file linux/videodev.h exists failed with the following output:
Change Dir: /Users/karate_paul4/Documents/Programming/ios/build/iPhoneSimulator-x86_64/CMakeFiles/CMakeTmp

Run Build Command:/Applications/CMake\ 2.8-12.app/Contents/bin/cmakexbuild -project CMAKE_TRY_COMPILE.xcodeproj build -target cmTryCompileExec3983486453 -configuration Release
=== BUILD TARGET cmTryCompileExec3983486453 OF PROJECT CMAKE_TRY_COMPILE WITH CONFIGURATION Release ===

Check dependencies
target specifies product type 'com.apple.product-type.tool', but there's no such product type for the 'iphonesimulator' platform

** BUILD FAILED **


The following build commands failed:
	Check dependencies
(1 failure)


Determining if the include file linux/videodev2.h exists failed with the following output:
Change Dir: /Users/karate_paul4/Documents/Programming/ios/build/iPhoneSimulator-x86_64/CMakeFiles/CMakeTmp

Run Build Command:/Applications/CMake\ 2.8-12.app/Contents/bin/cmakexbuild -project CMAKE_TRY_COMPILE.xcodeproj build -target cmTryCompileExec1489982278 -configuration Release
=== BUILD TARGET cmTryCompileExec1489982278 OF PROJECT CMAKE_TRY_COMPILE WITH CONFIGURATION Release ===

Check dependencies
target specifies product type 'com.apple.product-type.tool', but there's no such product type for the 'iphonesimulator' platform

** BUILD FAILED **


The following build commands failed:
	Check dependencies
(1 failure)


Determining if the include file sys/videoio.h exists failed with the following output:
Change Dir: /Users/karate_paul4/Documents/Programming/ios/build/iPhoneSimulator-x86_64/CMakeFiles/CMakeTmp

Run Build Command:/Applications/CMake\ 2.8-12.app/Contents/bin/cmakexbuild -project CMAKE_TRY_COMPILE.xcodeproj build -target cmTryCompileExec212244451 -configuration Release
=== BUILD TARGET cmTryCompileExec212244451 OF PROJECT CMAKE_TRY_COMPILE WITH CONFIGURATION Release ===

Check dependencies
target specifies product type 'com.apple.product-type.tool', but there's no such product type for the 'iphonesimulator' platform

** BUILD FAILED **


The following build commands failed:
	Check dependencies
(1 failure)


